  WINAPI_Server.cpp
C:\Users\d\Desktop\c_git\SUNGIN99\NetworkTermProject_Server\WINAPI_Server.cpp(190,2): warning C4996: 'strncpy': This function or variable may be unsafe. Consider using strncpy_s instead. To disable deprecation, use _CRT_SECURE_NO_WARNINGS. See online help for details.
C:\Users\d\Desktop\c_git\SUNGIN99\NetworkTermProject_Server\WINAPI_Server.cpp(343,34): warning C4996: 'inet_addr': Use inet_pton() or InetPton() instead or define _WINSOCK_DEPRECATED_NO_WARNINGS to disable deprecated API warnings
C:\Users\d\Desktop\c_git\SUNGIN99\NetworkTermProject_Server\WINAPI_Server.cpp(361,2): warning C4996: 'WSAStringToAddressA': Use WSAStringToAddressW() instead or define _WINSOCK_DEPRECATED_NO_WARNINGS to disable deprecated API warnings
C:\Users\d\Desktop\c_git\SUNGIN99\NetworkTermProject_Server\WINAPI_Server.cpp(315,6): warning C4101: 'retval' :참조되지 않은 지역 변수입니다.
C:\Users\d\Desktop\c_git\SUNGIN99\NetworkTermProject_Server\WINAPI_Server.cpp(461,6): warning C4996: 'inet_ntoa': Use inet_ntop() or InetNtop() instead or define _WINSOCK_DEPRECATED_NO_WARNINGS to disable deprecated API warnings
C:\Users\d\Desktop\c_git\SUNGIN99\NetworkTermProject_Server\WINAPI_Server.cpp(477,5): warning C4996: 'WSAAddressToStringA': Use WSAAddressToStringW() instead or define _WINSOCK_DEPRECATED_NO_WARNINGS to disable deprecated API warnings
C:\Users\d\Desktop\c_git\SUNGIN99\NetworkTermProject_Server\WINAPI_Server.cpp(572,33): warning C4996: 'inet_addr': Use inet_pton() or InetPton() instead or define _WINSOCK_DEPRECATED_NO_WARNINGS to disable deprecated API warnings
C:\Users\d\Desktop\c_git\SUNGIN99\NetworkTermProject_Server\WINAPI_Server.cpp(608,4): warning C4996: 'WSAAddressToStringA': Use WSAAddressToStringW() instead or define _WINSOCK_DEPRECATED_NO_WARNINGS to disable deprecated API warnings
C:\Users\d\Desktop\c_git\SUNGIN99\NetworkTermProject_Server\WINAPI_Server.cpp(688,2): warning C4996: 'WSAStringToAddressA': Use WSAStringToAddressW() instead or define _WINSOCK_DEPRECATED_NO_WARNINGS to disable deprecated API warnings
C:\Users\d\Desktop\c_git\SUNGIN99\NetworkTermProject_Server\WINAPI_Server.cpp(723,4): warning C4996: 'WSAAddressToStringA': Use WSAAddressToStringW() instead or define _WINSOCK_DEPRECATED_NO_WARNINGS to disable deprecated API warnings
C:\Users\d\Desktop\c_git\SUNGIN99\NetworkTermProject_Server\WINAPI_Server.cpp(799,4): warning C4996: 'inet_ntoa': Use inet_ntop() or InetNtop() instead or define _WINSOCK_DEPRECATED_NO_WARNINGS to disable deprecated API warnings
C:\Users\d\Desktop\c_git\SUNGIN99\NetworkTermProject_Server\WINAPI_Server.cpp(808,3): warning C4996: 'WSAAddressToStringA': Use WSAAddressToStringW() instead or define _WINSOCK_DEPRECATED_NO_WARNINGS to disable deprecated API warnings
C:\Users\d\Desktop\c_git\SUNGIN99\NetworkTermProject_Server\WINAPI_Server.cpp(853,2): warning C4996: 'strncpy': This function or variable may be unsafe. Consider using strncpy_s instead. To disable deprecation, use _CRT_SECURE_NO_WARNINGS. See online help for details.
C:\Users\d\Desktop\c_git\SUNGIN99\NetworkTermProject_Server\WINAPI_Server.cpp(861,4): warning C4996: 'strncpy': This function or variable may be unsafe. Consider using strncpy_s instead. To disable deprecation, use _CRT_SECURE_NO_WARNINGS. See online help for details.
C:\Users\d\Desktop\c_git\SUNGIN99\NetworkTermProject_Server\WINAPI_Server.cpp(867,4): warning C4996: 'strncpy': This function or variable may be unsafe. Consider using strncpy_s instead. To disable deprecation, use _CRT_SECURE_NO_WARNINGS. See online help for details.
C:\Users\d\Desktop\c_git\SUNGIN99\NetworkTermProject_Server\WINAPI_Server.cpp(875,4): warning C4996: 'strncpy': This function or variable may be unsafe. Consider using strncpy_s instead. To disable deprecation, use _CRT_SECURE_NO_WARNINGS. See online help for details.
C:\Users\d\Desktop\c_git\SUNGIN99\NetworkTermProject_Server\WINAPI_Server.cpp(879,4): warning C4996: 'strncpy': This function or variable may be unsafe. Consider using strncpy_s instead. To disable deprecation, use _CRT_SECURE_NO_WARNINGS. See online help for details.
C:\Users\d\Desktop\c_git\SUNGIN99\NetworkTermProject_Server\WINAPI_Server.cpp(908,4): warning C4996: 'strncpy': This function or variable may be unsafe. Consider using strncpy_s instead. To disable deprecation, use _CRT_SECURE_NO_WARNINGS. See online help for details.
C:\Users\d\Desktop\c_git\SUNGIN99\NetworkTermProject_Server\WINAPI_Server.cpp(914,6): warning C4996: 'WSAAddressToStringA': Use WSAAddressToStringW() instead or define _WINSOCK_DEPRECATED_NO_WARNINGS to disable deprecated API warnings
C:\Users\d\Desktop\c_git\SUNGIN99\NetworkTermProject_Server\WINAPI_Server.cpp(922,6): warning C4996: 'WSAAddressToStringA': Use WSAAddressToStringW() instead or define _WINSOCK_DEPRECATED_NO_WARNINGS to disable deprecated API warnings
C:\Users\d\Desktop\c_git\SUNGIN99\NetworkTermProject_Server\WINAPI_Server.cpp(956,2): warning C4996: 'itoa': The POSIX name for this item is deprecated. Instead, use the ISO C and C++ conformant name: _itoa. See online help for details.
C:\Users\d\Desktop\c_git\SUNGIN99\NetworkTermProject_Server\WINAPI_Server.cpp(967,2): warning C4996: 'vsprintf': This function or variable may be unsafe. Consider using vsprintf_s instead. To disable deprecation, use _CRT_SECURE_NO_WARNINGS. See online help for details.
C:\Users\d\Desktop\c_git\SUNGIN99\NetworkTermProject_Server\WINAPI_Server.cpp(977,14): warning C4996: 'strtok': This function or variable may be unsafe. Consider using strtok_s instead. To disable deprecation, use _CRT_SECURE_NO_WARNINGS. See online help for details.
C:\Users\d\Desktop\c_git\SUNGIN99\NetworkTermProject_Server\WINAPI_Server.cpp(978,2): warning C4996: 'strncpy': This function or variable may be unsafe. Consider using strncpy_s instead. To disable deprecation, use _CRT_SECURE_NO_WARNINGS. See online help for details.
C:\Users\d\Desktop\c_git\SUNGIN99\NetworkTermProject_Server\WINAPI_Server.cpp(980,8): warning C4996: 'strtok': This function or variable may be unsafe. Consider using strtok_s instead. To disable deprecation, use _CRT_SECURE_NO_WARNINGS. See online help for details.
C:\Users\d\Desktop\c_git\SUNGIN99\NetworkTermProject_Server\WINAPI_Server.cpp(981,2): warning C4996: 'strncpy': This function or variable may be unsafe. Consider using strncpy_s instead. To disable deprecation, use _CRT_SECURE_NO_WARNINGS. See online help for details.
C:\Users\d\Desktop\c_git\SUNGIN99\NetworkTermProject_Server\WINAPI_Server.cpp(984,8): warning C4996: 'strtok': This function or variable may be unsafe. Consider using strtok_s instead. To disable deprecation, use _CRT_SECURE_NO_WARNINGS. See online help for details.
C:\Users\d\Desktop\c_git\SUNGIN99\NetworkTermProject_Server\WINAPI_Server.cpp(985,2): warning C4996: 'strncpy': This function or variable may be unsafe. Consider using strncpy_s instead. To disable deprecation, use _CRT_SECURE_NO_WARNINGS. See online help for details.
C:\Users\d\Desktop\c_git\SUNGIN99\NetworkTermProject_Server\WINAPI_Server.cpp(1025,4): warning C4996: 'WSAAddressToStringA': Use WSAAddressToStringW() instead or define _WINSOCK_DEPRECATED_NO_WARNINGS to disable deprecated API warnings
C:\Users\d\Desktop\c_git\SUNGIN99\NetworkTermProject_Server\WINAPI_Server.cpp(1026,4): warning C4996: 'strncpy': This function or variable may be unsafe. Consider using strncpy_s instead. To disable deprecation, use _CRT_SECURE_NO_WARNINGS. See online help for details.
C:\Users\d\Desktop\c_git\SUNGIN99\NetworkTermProject_Server\WINAPI_Server.cpp(1031,4): warning C4996: 'WSAAddressToStringA': Use WSAAddressToStringW() instead or define _WINSOCK_DEPRECATED_NO_WARNINGS to disable deprecated API warnings
C:\Users\d\Desktop\c_git\SUNGIN99\NetworkTermProject_Server\WINAPI_Server.cpp(1032,4): warning C4996: 'strncpy': This function or variable may be unsafe. Consider using strncpy_s instead. To disable deprecation, use _CRT_SECURE_NO_WARNINGS. See online help for details.
C:\Users\d\Desktop\c_git\SUNGIN99\NetworkTermProject_Server\WINAPI_Server.cpp(1050,2): warning C4996: 'vsprintf': This function or variable may be unsafe. Consider using vsprintf_s instead. To disable deprecation, use _CRT_SECURE_NO_WARNINGS. See online help for details.
C:\Users\d\Desktop\c_git\SUNGIN99\NetworkTermProject_Server\WINAPI_Server.cpp(1064,2): warning C4996: 'vsprintf': This function or variable may be unsafe. Consider using vsprintf_s instead. To disable deprecation, use _CRT_SECURE_NO_WARNINGS. See online help for details.
C:\Users\d\Desktop\c_git\SUNGIN99\NetworkTermProject_Server\WINAPI_Server.cpp(969): warning C4172: 지역 변수 또는 임시: cbuf의 주소를 반환하고 있습니다.
  PrjServer.vcxproj -> C:\Users\d\Desktop\c_git\SUNGIN99\NetworkTermProject_Server\Debug\PrjServer.exe
